# JRE version: OpenJDK Runtime Environment (21.0.4) (build 21.0.4+-12508038-b607.1)
# Java VM: OpenJDK 64-Bit Server VM (21.0.4+-12508038-b607.1, mixed mode, tiered, compressed oops, compressed class ptrs, g1 gc, windows-amd64)
GC Precious Log:
 CardTable entry size: 512
 Card Set container configuration: InlinePtr #cards 5 size 8 Array Of Cards #cards 12 size 40 Howl #buckets 4 coarsen threshold 1843 Howl Bitmap #cards 512 size 80 coarsen threshold 460 Card regions per heap region 1 cards per card region 2048
 CPUs: 4 total, 4 available
 Memory: 3464M
 Large Page Support: Disabled
 NUMA Support: Disabled
 Compressed Oops: Enabled (32-bit)
 Heap Region Size: 1M
 Heap Min Capacity: 8M
 Heap Initial Capacity: 56M
 Heap Max Capacity: 2G
 Pre-touch: Disabled
 Parallel Workers: 4
 Concurrent Workers: 1
 Concurrent Refinement Workers: 4
 Periodic GC: Disabled
Heap:
 garbage-first heap   total 408576K, used 289792K [0x0000000080000000, 0x0000000100000000)
  region size 1024K, 11 young (11264K), 2 survivors (2048K)
 Metaspace       used 202549K, committed 205504K, reserved 1245184K
  class space    used 25685K, committed 27200K, reserved 1048576K
GC Heap History (20 events):
Event: 54.543 GC heap before
{Heap before GC invocations=65 (full 0):
 garbage-first heap   total 359424K, used 328606K [0x0000000080000000, 0x0000000100000000)
  region size 1024K, 127 young (130048K), 8 survivors (8192K)
 Metaspace       used 177694K, committed 180352K, reserved 1245184K
  class space    used 22765K, committed 24064K, reserved 1048576K
}
Event: 54.564 GC heap after
{Heap after GC invocations=66 (full 0):
 garbage-first heap   total 359424K, used 212298K [0x0000000080000000, 0x0000000100000000)
  region size 1024K, 13 young (13312K), 13 survivors (13312K)
 Metaspace       used 177694K, committed 180352K, reserved 1245184K
  class space    used 22765K, committed 24064K, reserved 1048576K
}
Event: 55.869 GC heap before
{Heap before GC invocations=67 (full 0):
 garbage-first heap   total 359424K, used 321866K [0x0000000080000000, 0x0000000100000000)
  region size 1024K, 124 young (126976K), 13 survivors (13312K)
 Metaspace       used 177694K, committed 180352K, reserved 1245184K
  class space    used 22765K, committed 24064K, reserved 1048576K
}
Event: 55.893 GC heap after
{Heap after GC invocations=68 (full 0):
 garbage-first heap   total 359424K, used 212480K [0x0000000080000000, 0x0000000100000000)
  region size 1024K, 13 young (13312K), 13 survivors (13312K)
 Metaspace       used 177694K, committed 180352K, reserved 1245184K
  class space    used 22765K, committed 24064K, reserved 1048576K
}
Event: 57.096 GC heap before
{Heap before GC invocations=68 (full 0):
 garbage-first heap   total 359424K, used 326144K [0x0000000080000000, 0x0000000100000000)
  region size 1024K, 124 young (126976K), 13 survivors (13312K)
 Metaspace       used 177694K, committed 180352K, reserved 1245184K
  class space    used 22765K, committed 24064K, reserved 1048576K
}
Event: 57.127 GC heap after
{Heap after GC invocations=69 (full 0):
 garbage-first heap   total 359424K, used 206857K [0x0000000080000000, 0x0000000100000000)
  region size 1024K, 12 young (12288K), 12 survivors (12288K)
 Metaspace       used 177694K, committed 180352K, reserved 1245184K
  class space    used 22765K, committed 24064K, reserved 1048576K
}
Event: 58.800 GC heap before
{Heap before GC invocations=69 (full 0):
 garbage-first heap   total 359424K, used 231433K [0x0000000080000000, 0x0000000100000000)
  region size 1024K, 38 young (38912K), 12 survivors (12288K)
 Metaspace       used 178535K, committed 181120K, reserved 1245184K
  class space    used 22830K, committed 24128K, reserved 1048576K
}
Event: 58.852 GC heap after
{Heap after GC invocations=70 (full 0):
 garbage-first heap   total 359424K, used 209694K [0x0000000080000000, 0x0000000100000000)
  region size 1024K, 9 young (9216K), 9 survivors (9216K)
 Metaspace       used 178535K, committed 181120K, reserved 1245184K
  class space    used 22830K, committed 24128K, reserved 1048576K
}
Event: 65.799 GC heap before
{Heap before GC invocations=71 (full 0):
 garbage-first heap   total 359424K, used 325406K [0x0000000080000000, 0x0000000100000000)
  region size 1024K, 115 young (117760K), 9 survivors (9216K)
 Metaspace       used 190785K, committed 193536K, reserved 1245184K
  class space    used 24280K, committed 25664K, reserved 1048576K
}
Event: 65.824 GC heap after
{Heap after GC invocations=72 (full 0):
 garbage-first heap   total 359424K, used 214877K [0x0000000080000000, 0x0000000100000000)
  region size 1024K, 9 young (9216K), 9 survivors (9216K)
 Metaspace       used 190785K, committed 193536K, reserved 1245184K
  class space    used 24280K, committed 25664K, reserved 1048576K
}
Event: 69.115 GC heap before
{Heap before GC invocations=72 (full 0):
 garbage-first heap   total 359424K, used 323421K [0x0000000080000000, 0x0000000100000000)
  region size 1024K, 116 young (118784K), 9 survivors (9216K)
 Metaspace       used 194658K, committed 197440K, reserved 1245184K
  class space    used 24716K, committed 26112K, reserved 1048576K
}
Event: 69.144 GC heap after
{Heap after GC invocations=73 (full 0):
 garbage-first heap   total 359424K, used 218585K [0x0000000080000000, 0x0000000100000000)
  region size 1024K, 15 young (15360K), 15 survivors (15360K)
 Metaspace       used 194658K, committed 197440K, reserved 1245184K
  class space    used 24716K, committed 26112K, reserved 1048576K
}
Event: 1474.603 GC heap before
{Heap before GC invocations=73 (full 0):
 garbage-first heap   total 359424K, used 324057K [0x0000000080000000, 0x0000000100000000)
  region size 1024K, 118 young (120832K), 15 survivors (15360K)
 Metaspace       used 196039K, committed 198848K, reserved 1245184K
  class space    used 24881K, committed 26304K, reserved 1048576K
}
Event: 1474.893 GC heap after
{Heap after GC invocations=74 (full 0):
 garbage-first heap   total 359424K, used 223169K [0x0000000080000000, 0x0000000100000000)
  region size 1024K, 6 young (6144K), 6 survivors (6144K)
 Metaspace       used 196039K, committed 198848K, reserved 1245184K
  class space    used 24881K, committed 26304K, reserved 1048576K
}
Event: 1483.034 GC heap before
{Heap before GC invocations=75 (full 0):
 garbage-first heap   total 373760K, used 328641K [0x0000000080000000, 0x0000000100000000)
  region size 1024K, 110 young (112640K), 6 survivors (6144K)
 Metaspace       used 201493K, committed 204416K, reserved 1245184K
  class space    used 25610K, committed 27072K, reserved 1048576K
}
Event: 1483.113 GC heap after
{Heap after GC invocations=76 (full 0):
 garbage-first heap   total 373760K, used 232960K [0x0000000080000000, 0x0000000100000000)
  region size 1024K, 14 young (14336K), 14 survivors (14336K)
 Metaspace       used 201493K, committed 204416K, reserved 1245184K
  class space    used 25610K, committed 27072K, reserved 1048576K
}
Event: 1486.875 GC heap before
{Heap before GC invocations=76 (full 0):
 garbage-first heap   total 373760K, used 354816K [0x0000000080000000, 0x0000000100000000)
  region size 1024K, 118 young (120832K), 14 survivors (14336K)
 Metaspace       used 202319K, committed 205184K, reserved 1245184K
  class space    used 25668K, committed 27136K, reserved 1048576K
}
Event: 1487.141 GC heap after
{Heap after GC invocations=77 (full 0):
 garbage-first heap   total 408576K, used 265728K [0x0000000080000000, 0x0000000100000000)
  region size 1024K, 15 young (15360K), 15 survivors (15360K)
 Metaspace       used 202319K, committed 205184K, reserved 1245184K
  class space    used 25668K, committed 27136K, reserved 1048576K
}
Event: 1487.155 GC heap before
{Heap before GC invocations=77 (full 0):
 garbage-first heap   total 408576K, used 265728K [0x0000000080000000, 0x0000000100000000)
  region size 1024K, 16 young (16384K), 15 survivors (15360K)
 Metaspace       used 202319K, committed 205184K, reserved 1245184K
  class space    used 25668K, committed 27136K, reserved 1048576K
}
Event: 1487.213 GC heap after
{Heap after GC invocations=78 (full 0):
 garbage-first heap   total 408576K, used 267264K [0x0000000080000000, 0x0000000100000000)
  region size 1024K, 2 young (2048K), 2 survivors (2048K)
 Metaspace       used 202319K, committed 205184K, reserved 1245184K
  class space    used 25668K, committed 27136K, reserved 1048576K
}

